2025-01-12 02:51:27,495 - INFO - Loading dataset...
2025-01-12 02:51:28,320 - INFO - Starting hyperparameter tuning...
2025-01-12 02:51:28,321 - INFO - Trial started with hyperparameters: {'learning_rate': 0.00022272877115516967, 'batch_size': 48, 'num_train_epochs': 9}
2025-01-12 02:51:28,328 - INFO - Initializing model: google/flan-t5-small
2025-01-12 02:51:29,308 - INFO - Applying LoRA configuration...
2025-01-12 02:51:29,399 - INFO - Preprocessing dataset...
2025-01-12 02:51:38,959 - INFO - Preprocessing dataset...
2025-01-12 02:51:42,402 - WARNING - Detected kernel version 4.18.0, which is below the recommended minimum of 5.5.0; this can cause the process to hang. It is recommended to upgrade the kernel to the minimum version or higher.
2025-01-12 02:51:42,895 - INFO - Starting training...
2025-01-12 02:52:57,758 - WARNING - NaN or Inf found in input tensor.
2025-01-12 02:53:12,506 - WARNING - NaN or Inf found in input tensor.
2025-01-12 02:54:12,469 - WARNING - NaN or Inf found in input tensor.
2025-01-12 02:54:41,600 - WARNING - NaN or Inf found in input tensor.
2025-01-12 02:55:27,202 - WARNING - NaN or Inf found in input tensor.
2025-01-12 02:56:10,633 - WARNING - NaN or Inf found in input tensor.
2025-01-12 02:56:41,999 - WARNING - NaN or Inf found in input tensor.
2025-01-12 02:57:56,821 - WARNING - NaN or Inf found in input tensor.
2025-01-12 02:58:01,950 - WARNING - NaN or Inf found in input tensor.
2025-01-12 02:59:11,662 - WARNING - NaN or Inf found in input tensor.
2025-01-12 02:59:31,090 - WARNING - NaN or Inf found in input tensor.
2025-01-12 03:00:26,395 - WARNING - NaN or Inf found in input tensor.
2025-01-12 03:00:59,943 - WARNING - NaN or Inf found in input tensor.
2025-01-12 03:01:40,444 - WARNING - NaN or Inf found in input tensor.
2025-01-12 03:02:28,570 - WARNING - NaN or Inf found in input tensor.
2025-01-12 03:02:55,764 - WARNING - NaN or Inf found in input tensor.
2025-01-12 03:02:56,211 - INFO - Training completed.
2025-01-12 03:02:56,211 - INFO - Evaluating model... Limiting to 10 samples for logging.
2025-01-12 03:02:56,215 - INFO - Generating story for input prompt: disgust, Realism: This woman looks like she has an attitude problem the other one doesn't with emotion: disgust
2025-01-12 03:02:58,697 - INFO - Generated story: This woman has a problem with her attitude. The other one doesn't like her attitude, but she does think it's a good idea to have a positive attitude. It's hard to believe that this woman has an attitude problem, but the other one isn't. She looks like she's in a bad mood, and the other two don't want to see her as a negative person. They both feel that they're not doing what they want to do, and that they can't do anything about it.
2025-01-12 03:02:58,974 - INFO - Use pytorch device_name: cuda
2025-01-12 03:02:58,974 - INFO - Load pretrained SentenceTransformer: all-MiniLM-L6-v2
2025-01-12 03:03:06,816 - INFO - Sample 1: Generated story: This woman has a problem with her attitude. The other one doesn't like her attitude, but she does think it's a good idea to have a positive attitude. It's hard to believe that this woman has an attitude problem, but the other one isn't. She looks like she's in a bad mood, and the other two don't want to see her as a negative person. They both feel that they're not doing what they want to do, and that they can't do anything about it., Similarity to input: 0.66
2025-01-12 03:03:06,816 - INFO - Generating story for input prompt: disgust, Symbolism: Men smell bad enough without being half horse, I'd hate to be around this one. with emotion: disgust
2025-01-12 03:03:08,898 - INFO - Generated story: I'm a big fan of men who smell bad enough without being half horse, but I'd hate to be around this one. I've never seen a man who smells bad enough with a half horse. I don't know if it's true or not, but the fact that he doesn't smell good enough makes me sad. I think he's a great man, but he isn't a very good man. He's just a bit of a jerk, and he has a lot of fun in his life.
2025-01-12 03:03:08,900 - INFO - Use pytorch device_name: cuda
2025-01-12 03:03:08,900 - INFO - Load pretrained SentenceTransformer: all-MiniLM-L6-v2
2025-01-12 03:03:10,268 - INFO - Sample 2: Generated story: I'm a big fan of men who smell bad enough without being half horse, but I'd hate to be around this one. I've never seen a man who smells bad enough with a half horse. I don't know if it's true or not, but the fact that he doesn't smell good enough makes me sad. I think he's a great man, but he isn't a very good man. He's just a bit of a jerk, and he has a lot of fun in his life., Similarity to input: 0.77
2025-01-12 03:03:10,268 - INFO - Generating story for input prompt: contentment, Impressionism: The mother staring at her child looks like she is comforting her child. with emotion: contentment
2025-01-12 03:03:12,521 - INFO - Generated story: The mother stares at her child and looks like she is comforting her child. She tries to help her daughter, but she doesn't know what to do with it. Then she goes back to her home and sees that the mother is in love with her son. The mother smiles and says, "I'm so happy you're doing this for me." The mother then tells her daughter that she loves her son and that she's proud of him. It's a great way to show her love and appreciation for his son.
2025-01-12 03:03:12,523 - INFO - Use pytorch device_name: cuda
2025-01-12 03:03:12,523 - INFO - Load pretrained SentenceTransformer: all-MiniLM-L6-v2
2025-01-12 03:03:13,961 - INFO - Sample 3: Generated story: The mother stares at her child and looks like she is comforting her child. She tries to help her daughter, but she doesn't know what to do with it. Then she goes back to her home and sees that the mother is in love with her son. The mother smiles and says, "I'm so happy you're doing this for me." The mother then tells her daughter that she loves her son and that she's proud of him. It's a great way to show her love and appreciation for his son., Similarity to input: 0.52
2025-01-12 03:03:13,961 - INFO - Generating story for input prompt: fear, Post_Impressionism: The town is really abstract and everything is crooked. with emotion: fear
2025-01-12 03:03:16,219 - INFO - Generated story: The town is really abstract and everything is crooked. It's a small town with a lot of people in it. There are many people in the town who have no idea what to do with it. The town has a very large population of people. There is a large number of people living in it, but there are many other people living there.
2025-01-12 03:03:16,221 - INFO - Use pytorch device_name: cuda
2025-01-12 03:03:16,222 - INFO - Load pretrained SentenceTransformer: all-MiniLM-L6-v2
2025-01-12 03:03:17,433 - INFO - Sample 4: Generated story: The town is really abstract and everything is crooked. It's a small town with a lot of people in it. There are many people in the town who have no idea what to do with it. The town has a very large population of people. There is a large number of people living in it, but there are many other people living there., Similarity to input: 0.65
2025-01-12 03:03:17,434 - INFO - Generating story for input prompt: fear, Fauvism: The red person dancing looks like someone who is casting a spell on these people with emotion: fear
2025-01-12 03:03:19,444 - INFO - Generated story: The red person dancing looks like someone who is casting a spell on these people. They are the only ones who aren't afraid to dance with them. Fauvism: The Red person dances like a man who is making a list of all the people that are dancing with them, and they are not afraid to do so. They have no idea what they are doing or how they want to do it. They don't know how to dance, but they are willing to help them out.
2025-01-12 03:03:19,446 - INFO - Use pytorch device_name: cuda
2025-01-12 03:03:19,446 - INFO - Load pretrained SentenceTransformer: all-MiniLM-L6-v2
2025-01-12 03:03:20,667 - INFO - Sample 5: Generated story: The red person dancing looks like someone who is casting a spell on these people. They are the only ones who aren't afraid to dance with them. Fauvism: The Red person dances like a man who is making a list of all the people that are dancing with them, and they are not afraid to do so. They have no idea what they are doing or how they want to do it. They don't know how to dance, but they are willing to help them out., Similarity to input: 0.82
2025-01-12 03:03:20,667 - INFO - Generating story for input prompt: awe, Post_Impressionism: This guy seems to be working hard to complete a big task with emotion: awe
2025-01-12 03:03:22,878 - INFO - Generated story: This guy seems to be working hard to complete a big task. He has a lot of work to do, but he doesn't know how to do it. He is trying to find a way to finish the task. Then he goes to the store and buys a new one. He gets a job as a salesman.
2025-01-12 03:03:22,880 - INFO - Use pytorch device_name: cuda
2025-01-12 03:03:22,880 - INFO - Load pretrained SentenceTransformer: all-MiniLM-L6-v2
2025-01-12 03:03:24,088 - INFO - Sample 6: Generated story: This guy seems to be working hard to complete a big task. He has a lot of work to do, but he doesn't know how to do it. He is trying to find a way to finish the task. Then he goes to the store and buys a new one. He gets a job as a salesman., Similarity to input: 0.46
2025-01-12 03:03:24,088 - INFO - Generating story for input prompt: sadness, Post_Impressionism: a black hole into the abyss . not fun to look at. with emotion: sadness
2025-01-12 03:03:26,041 - INFO - Generated story: The abyss is a black hole into the a byss . It's not fun to look at, but it's a great way to show off your feelings. I'm sorry for you, but I think you're a bit of a snob. You've got a lot of things to say about it . I don't know if you are a fan of post-Impressionism , but you'll be able to see it in a different way .
2025-01-12 03:03:26,043 - INFO - Use pytorch device_name: cuda
2025-01-12 03:03:26,043 - INFO - Load pretrained SentenceTransformer: all-MiniLM-L6-v2
2025-01-12 03:03:27,251 - INFO - Sample 7: Generated story: The abyss is a black hole into the a byss . It's not fun to look at, but it's a great way to show off your feelings. I'm sorry for you, but I think you're a bit of a snob. You've got a lot of things to say about it . I don't know if you are a fan of post-Impressionism , but you'll be able to see it in a different way ., Similarity to input: 0.75
2025-01-12 03:03:27,251 - INFO - Generating story for input prompt: awe, Post_Impressionism: Mother is assisting her young child as they experience their first steps. with emotion: awe
2025-01-12 03:03:29,607 - INFO - Generated story: The mother is assisting her young child as they experience their first steps. She is a teacher at a local school. She has been teaching for years and she is proud to be a part of the school. When she comes home from school, she is greeted with a smile and a hug. As she gets ready to go, she asks if she can help her.
2025-01-12 03:03:29,609 - INFO - Use pytorch device_name: cuda
2025-01-12 03:03:29,609 - INFO - Load pretrained SentenceTransformer: all-MiniLM-L6-v2
2025-01-12 03:03:30,814 - INFO - Sample 8: Generated story: The mother is assisting her young child as they experience their first steps. She is a teacher at a local school. She has been teaching for years and she is proud to be a part of the school. When she comes home from school, she is greeted with a smile and a hug. As she gets ready to go, she asks if she can help her., Similarity to input: 0.59
2025-01-12 03:03:30,815 - INFO - Generating story for input prompt: excitement, Art_Nouveau_Modern: The bright lights, fancy clothes, and tall figure make this man attractive with emotion: excitement
2025-01-12 03:03:32,884 - INFO - Generated story: Art_Nouveau_Modern: The bright lights, fancy clothes, and tall figure make this man attractive. He has a lot of fun in his life. He likes to go out for a walk with his friends. He loves to dance with his girlfriends. He is a great dancer.
2025-01-12 03:03:32,886 - INFO - Use pytorch device_name: cuda
2025-01-12 03:03:32,886 - INFO - Load pretrained SentenceTransformer: all-MiniLM-L6-v2
2025-01-12 03:03:34,098 - INFO - Sample 9: Generated story: Art_Nouveau_Modern: The bright lights, fancy clothes, and tall figure make this man attractive. He has a lot of fun in his life. He likes to go out for a walk with his friends. He loves to dance with his girlfriends. He is a great dancer., Similarity to input: 0.83
2025-01-12 03:03:34,098 - INFO - Generating story for input prompt: contentment, Ukiyo_e: The beautiful women seem to be having a wonderful day and they seem happy with emotion: contentment
2025-01-12 03:03:36,081 - INFO - Generated story: The beautiful women seem to be having a wonderful day and they seem happy. Ukiyo_e is the daughter of a young woman who was born in Japan. She is a mother of two and she is married to a girl named Yoshizuo. She has a daughter named Yusuzuo, who is also a doctor. She works as a nurse at a local hospital.
2025-01-12 03:03:36,083 - INFO - Use pytorch device_name: cuda
2025-01-12 03:03:36,083 - INFO - Load pretrained SentenceTransformer: all-MiniLM-L6-v2
2025-01-12 03:03:37,334 - INFO - Sample 10: Generated story: The beautiful women seem to be having a wonderful day and they seem happy. Ukiyo_e is the daughter of a young woman who was born in Japan. She is a mother of two and she is married to a girl named Yoshizuo. She has a daughter named Yusuzuo, who is also a doctor. She works as a nurse at a local hospital., Similarity to input: 0.58
2025-01-12 03:05:50,073 - INFO - Loading dataset...
2025-01-12 03:05:50,876 - INFO - Starting hyperparameter tuning...
2025-01-12 03:05:50,878 - INFO - Trial started with hyperparameters: {'learning_rate': 1.601621246631897e-05, 'batch_size': 16, 'num_train_epochs': 5}
2025-01-12 03:05:50,885 - INFO - Initializing model: google/flan-t5-small
2025-01-12 03:05:51,719 - INFO - Applying LoRA configuration...
2025-01-12 03:05:51,809 - INFO - Preprocessing dataset...
2025-01-12 03:06:00,362 - INFO - Preprocessing dataset...
2025-01-12 03:06:03,765 - WARNING - Detected kernel version 4.18.0, which is below the recommended minimum of 5.5.0; this can cause the process to hang. It is recommended to upgrade the kernel to the minimum version or higher.
2025-01-12 03:06:04,295 - INFO - Starting training...
2025-01-12 03:07:09,793 - WARNING - NaN or Inf found in input tensor.
2025-01-12 03:08:13,846 - WARNING - NaN or Inf found in input tensor.
2025-01-12 03:08:58,276 - WARNING - NaN or Inf found in input tensor.
2025-01-12 03:09:41,394 - WARNING - NaN or Inf found in input tensor.
2025-01-12 03:10:47,311 - WARNING - NaN or Inf found in input tensor.
2025-01-12 03:11:55,632 - WARNING - NaN or Inf found in input tensor.
2025-01-12 03:12:15,264 - WARNING - NaN or Inf found in input tensor.
2025-01-12 03:13:21,167 - WARNING - NaN or Inf found in input tensor.
2025-01-12 03:14:27,088 - WARNING - NaN or Inf found in input tensor.
2025-01-12 03:14:53,028 - WARNING - NaN or Inf found in input tensor.
2025-01-12 03:15:53,381 - WARNING - NaN or Inf found in input tensor.
2025-01-12 03:16:57,476 - WARNING - NaN or Inf found in input tensor.
2025-01-12 03:17:45,578 - WARNING - NaN or Inf found in input tensor.
2025-01-12 03:18:24,263 - WARNING - NaN or Inf found in input tensor.
2025-01-12 03:19:29,840 - WARNING - NaN or Inf found in input tensor.
2025-01-12 03:20:42,449 - WARNING - NaN or Inf found in input tensor.
2025-01-12 03:20:42,794 - INFO - Training completed.
2025-01-12 03:20:42,794 - INFO - Evaluating model... Limiting to 10 samples for logging.
2025-01-12 03:20:42,798 - INFO - Generating story for input prompt: sadness, Realism: The lady is lonely as her lover left her for another woman with emotion: sadness
2025-01-12 03:20:45,156 - INFO - Generated story: The lady is lonely as her lover left her for another woman. She tries to find a way to escape the loneliness of her lover, but she refuses to do so. When she finds out that her lover has left her, she decides to go with her. After a few days, she goes to the hospital and sees a psychiatrist. The psychiatrist tells her that she will not be able to take care of her until she gets back to her normal life.
2025-01-12 03:20:45,348 - INFO - Use pytorch device_name: cuda
2025-01-12 03:20:45,348 - INFO - Load pretrained SentenceTransformer: all-MiniLM-L6-v2
2025-01-12 03:20:47,587 - INFO - Sample 1: Generated story: The lady is lonely as her lover left her for another woman. She tries to find a way to escape the loneliness of her lover, but she refuses to do so. When she finds out that her lover has left her, she decides to go with her. After a few days, she goes to the hospital and sees a psychiatrist. The psychiatrist tells her that she will not be able to take care of her until she gets back to her normal life., Similarity to input: 0.76
2025-01-12 03:20:47,587 - INFO - Generating story for input prompt: sadness, Realism: The red colors give a sense of loss with emotion: sadness
2025-01-12 03:20:49,895 - INFO - Generated story: The red colors give a sense of loss. It's hard to believe that the red color gives a feeling of loss, but it's easy to imagine that the color is not the same as the one you see in the picture. If you look at the red colors, you'll notice that the colors are different from the ones you see on the screen. You can see the red and the blue colors in the image. The red and blue colors make a lot of difference in how you feel about your life.
2025-01-12 03:20:49,898 - INFO - Use pytorch device_name: cuda
2025-01-12 03:20:49,898 - INFO - Load pretrained SentenceTransformer: all-MiniLM-L6-v2
2025-01-12 03:20:51,059 - INFO - Sample 2: Generated story: The red colors give a sense of loss. It's hard to believe that the red color gives a feeling of loss, but it's easy to imagine that the color is not the same as the one you see in the picture. If you look at the red colors, you'll notice that the colors are different from the ones you see on the screen. You can see the red and the blue colors in the image. The red and blue colors make a lot of difference in how you feel about your life., Similarity to input: 0.72
2025-01-12 03:20:51,059 - INFO - Generating story for input prompt: disgust, Minimalism: This painting could have used more thought and more time by the painter. I am disgusted because it is plain. with emotion: disgust
2025-01-12 03:20:52,984 - INFO - Generated story: I am disgusted because this painting could have used more thought and more time by the painter. I am disappointed because it is plain. It's a beautiful painting, but it's not as beautiful as it should have been. The only thing I can say about this painting is that it was a great painting. I think it would have been better if it had been done with a lot of thought.
2025-01-12 03:20:52,986 - INFO - Use pytorch device_name: cuda
2025-01-12 03:20:52,986 - INFO - Load pretrained SentenceTransformer: all-MiniLM-L6-v2
2025-01-12 03:20:54,294 - INFO - Sample 3: Generated story: I am disgusted because this painting could have used more thought and more time by the painter. I am disappointed because it is plain. It's a beautiful painting, but it's not as beautiful as it should have been. The only thing I can say about this painting is that it was a great painting. I think it would have been better if it had been done with a lot of thought., Similarity to input: 0.86
2025-01-12 03:20:54,295 - INFO - Generating story for input prompt: sadness, Expressionism: this  girl  was sad in the images with emotion: sadness
2025-01-12 03:20:56,674 - INFO - Generated story: The girl was sad in the images. She had a crush on her boyfriend, but she didn't want to see it again. When she saw the image, she felt sorry for her boyfriend. She went to the store and bought a new pair of shoes. Then she found out that she was pregnant.
2025-01-12 03:20:56,676 - INFO - Use pytorch device_name: cuda
2025-01-12 03:20:56,676 - INFO - Load pretrained SentenceTransformer: all-MiniLM-L6-v2
2025-01-12 03:20:57,937 - INFO - Sample 4: Generated story: The girl was sad in the images. She had a crush on her boyfriend, but she didn't want to see it again. When she saw the image, she felt sorry for her boyfriend. She went to the store and bought a new pair of shoes. Then she found out that she was pregnant., Similarity to input: 0.57
2025-01-12 03:20:57,937 - INFO - Generating story for input prompt: fear, Baroque: The man is hunting and is ready to kill something with emotion: fear
2025-01-12 03:21:00,302 - INFO - Generated story: The man is hunting and is ready to kill something. He screams at the baroque as he tries to get out of his way. The man has a gun, but he isn't sure if he will be able to do it. He is not sure what he wants to do with the gun. He doesn't know if it's going to be a good thing or a bad thing.
2025-01-12 03:21:00,307 - INFO - Use pytorch device_name: cuda
2025-01-12 03:21:00,307 - INFO - Load pretrained SentenceTransformer: all-MiniLM-L6-v2
2025-01-12 03:21:01,457 - INFO - Sample 5: Generated story: The man is hunting and is ready to kill something. He screams at the baroque as he tries to get out of his way. The man has a gun, but he isn't sure if he will be able to do it. He is not sure what he wants to do with the gun. He doesn't know if it's going to be a good thing or a bad thing., Similarity to input: 0.76
2025-01-12 03:21:01,458 - INFO - Generating story for input prompt: fear, Symbolism: I dont know if this is a magic carpet or if she was trying to save it from the wind and is now airborn. with emotion: fear
2025-01-12 03:21:03,829 - INFO - Generated story: I don't know if this is a magic carpet, or if she was trying to save it from the wind and is now airborn. I can't remember if it's a magical carpet, but I think that's the only thing I can remember about it. It's not a fairy tale, but it is one of the most beautiful fairy tales I've ever seen. The fairy tale is based on the story of a young girl who was rescued from a cursed curse by a wizard. She is portrayed as a witch, but she is also depicted as an angel.
2025-01-12 03:21:03,832 - INFO - Use pytorch device_name: cuda
2025-01-12 03:21:03,832 - INFO - Load pretrained SentenceTransformer: all-MiniLM-L6-v2
2025-01-12 03:21:05,002 - INFO - Sample 6: Generated story: I don't know if this is a magic carpet, or if she was trying to save it from the wind and is now airborn. I can't remember if it's a magical carpet, but I think that's the only thing I can remember about it. It's not a fairy tale, but it is one of the most beautiful fairy tales I've ever seen. The fairy tale is based on the story of a young girl who was rescued from a cursed curse by a wizard. She is portrayed as a witch, but she is also depicted as an angel., Similarity to input: 0.78
2025-01-12 03:21:05,002 - INFO - Generating story for input prompt: sadness, Realism: The woman's large round eyes are glistening with tears with emotion: sadness
2025-01-12 03:21:07,240 - INFO - Generated story: The woman's large round eyes are glistening with tears. She is a beautiful woman, and she has a great sense of humor. When she sees a picture of a man in a red shirt, she is shocked to discover that he is wearing a blue shirt. The woman smiles at the camera and laughs at her. She then goes back to her room and tells her that she is not a good actress.
2025-01-12 03:21:07,243 - INFO - Use pytorch device_name: cuda
2025-01-12 03:21:07,243 - INFO - Load pretrained SentenceTransformer: all-MiniLM-L6-v2
2025-01-12 03:21:08,456 - INFO - Sample 7: Generated story: The woman's large round eyes are glistening with tears. She is a beautiful woman, and she has a great sense of humor. When she sees a picture of a man in a red shirt, she is shocked to discover that he is wearing a blue shirt. The woman smiles at the camera and laughs at her. She then goes back to her room and tells her that she is not a good actress., Similarity to input: 0.66
2025-01-12 03:21:08,456 - INFO - Generating story for input prompt: sadness, Realism: Her smile is pained. The way her eyes and cheeks wrinkle make it seem like she is hiding something despite the smile. Her eyes are narrowed almost like she's stopping herself from crying. The entire painting is dark and the light casts a shadow on her face, making the picture even gloomier. with emotion: sadness
2025-01-12 03:21:10,440 - INFO - Generated story: The painting is dark and the light casts a shadow on her face, making the picture even gloomier. Her smile is pained. The way her eyes and cheeks wrinkle make it seem like she is hiding something despite the smile. Her eyes are narrowed almost like she's stopping herself from crying. The entire painting is darkness and the lighting casts an shadow on their face, creating a beautiful portrait of a woman who has been in love for a long time.
2025-01-12 03:21:10,443 - INFO - Use pytorch device_name: cuda
2025-01-12 03:21:10,443 - INFO - Load pretrained SentenceTransformer: all-MiniLM-L6-v2
2025-01-12 03:21:11,610 - INFO - Sample 8: Generated story: The painting is dark and the light casts a shadow on her face, making the picture even gloomier. Her smile is pained. The way her eyes and cheeks wrinkle make it seem like she is hiding something despite the smile. Her eyes are narrowed almost like she's stopping herself from crying. The entire painting is darkness and the lighting casts an shadow on their face, creating a beautiful portrait of a woman who has been in love for a long time., Similarity to input: 0.87
2025-01-12 03:21:11,610 - INFO - Generating story for input prompt: sadness, Post_Impressionism: The trees look like they are diseased with the green markings with emotion: sadness
2025-01-12 03:21:13,966 - INFO - Generated story: The trees look like they are diseased with the green markings. It is a shame that the trees are infested with them. They have been able to survive for years, but it is hard to find a way to keep them alive. The tree is now thriving and has become a popular tourist destination. The trees are becoming more and more attractive to tourists than any other tourist attraction in the world.
2025-01-12 03:21:13,968 - INFO - Use pytorch device_name: cuda
2025-01-12 03:21:13,968 - INFO - Load pretrained SentenceTransformer: all-MiniLM-L6-v2
2025-01-12 03:21:15,170 - INFO - Sample 9: Generated story: The trees look like they are diseased with the green markings. It is a shame that the trees are infested with them. They have been able to survive for years, but it is hard to find a way to keep them alive. The tree is now thriving and has become a popular tourist destination. The trees are becoming more and more attractive to tourists than any other tourist attraction in the world., Similarity to input: 0.66
2025-01-12 03:21:15,171 - INFO - Generating story for input prompt: disgust, Realism: The doctor is disgusted that his nurse unavailable to take notes and he stuck having to write them down. with emotion: disgust
2025-01-12 03:21:17,406 - INFO - Generated story: The doctor is disgusted that his nurse unavailable to take notes and he stuck having to write them down. Realism is a form of self-destructive, self-responsibility. The doctor's nurse is unable to take the notes because he doesn't know what to do with the notes. He has to write down the notes in order to be able to read them. Then he goes to the doctor and asks him if he can borrow them from him.
2025-01-12 03:21:17,409 - INFO - Use pytorch device_name: cuda
2025-01-12 03:21:17,409 - INFO - Load pretrained SentenceTransformer: all-MiniLM-L6-v2
2025-01-12 03:21:18,607 - INFO - Sample 10: Generated story: The doctor is disgusted that his nurse unavailable to take notes and he stuck having to write them down. Realism is a form of self-destructive, self-responsibility. The doctor's nurse is unable to take the notes because he doesn't know what to do with the notes. He has to write down the notes in order to be able to read them. Then he goes to the doctor and asks him if he can borrow them from him., Similarity to input: 0.83
2025-01-12 03:21:30,330 - INFO - Evaluation scores: {'precision': [0.8517869710922241, 0.8542913198471069, 0.905559778213501, 0.848308801651001, 0.8475549817085266, 0.8678557872772217, 0.8407871723175049, 0.9491809606552124, 0.8650854825973511, 0.8753988742828369], 'recall': [0.953457772731781, 0.9516633152961731, 0.9641969799995422, 0.8851373791694641, 0.9441862106323242, 0.9594668745994568, 0.9567527174949646, 0.9754151105880737, 0.9572868347167969, 0.9698537588119507], 'f1': [0.8997593522071838, 0.9003522396087646, 0.9339589476585388, 0.8663318753242493, 0.8932649493217468, 0.9113648533821106, 0.8950292468070984, 0.9621192216873169, 0.9088537693023682, 0.9202088713645935], 'hashcode': 'roberta-large_L17_no-idf_version=0.3.12(hug_trans=4.48.0)'}
2025-01-12 03:21:30,697 - INFO - Trial completed with metrics: {'bertscore_f1': 0.9091243326663971, 'dissimilarity': 0.2524250209331512}
2025-01-12 03:21:30,699 - INFO - Trial started with hyperparameters: {'learning_rate': 7.883450994469403e-05, 'batch_size': 16, 'num_train_epochs': 5}
2025-01-12 03:21:30,706 - INFO - Initializing model: google/flan-t5-small
2025-01-12 03:21:31,332 - INFO - Applying LoRA configuration...
2025-01-12 03:21:31,422 - INFO - Preprocessing dataset...
2025-01-12 03:21:40,070 - INFO - Preprocessing dataset...
2025-01-12 03:21:43,318 - WARNING - Detected kernel version 4.18.0, which is below the recommended minimum of 5.5.0; this can cause the process to hang. It is recommended to upgrade the kernel to the minimum version or higher.
2025-01-12 03:21:43,392 - INFO - Starting training...
2025-01-12 03:22:49,547 - WARNING - NaN or Inf found in input tensor.
2025-01-12 03:23:55,548 - WARNING - NaN or Inf found in input tensor.
2025-01-12 03:24:40,748 - WARNING - NaN or Inf found in input tensor.
2025-01-12 03:25:23,763 - WARNING - NaN or Inf found in input tensor.
2025-01-12 03:26:29,672 - WARNING - NaN or Inf found in input tensor.
2025-01-12 03:27:38,100 - WARNING - NaN or Inf found in input tensor.
2025-01-12 03:27:57,784 - WARNING - NaN or Inf found in input tensor.
2025-01-12 03:29:03,687 - WARNING - NaN or Inf found in input tensor.
2025-01-12 03:30:09,619 - WARNING - NaN or Inf found in input tensor.
2025-01-12 03:30:35,542 - WARNING - NaN or Inf found in input tensor.
2025-01-12 03:31:37,699 - WARNING - NaN or Inf found in input tensor.
2025-01-12 03:32:43,565 - WARNING - NaN or Inf found in input tensor.
2025-01-12 03:33:32,879 - WARNING - NaN or Inf found in input tensor.
2025-01-12 03:34:11,736 - WARNING - NaN or Inf found in input tensor.
2025-01-12 03:35:17,641 - WARNING - NaN or Inf found in input tensor.
2025-01-12 03:36:30,632 - WARNING - NaN or Inf found in input tensor.
2025-01-12 03:36:30,999 - INFO - Training completed.
2025-01-12 03:36:31,000 - INFO - Evaluating model... Limiting to 10 samples for logging.
2025-01-12 03:36:31,002 - INFO - Generating story for input prompt: sadness, Romanticism: I feel so sad for Jesus and for his poor grieving mother. with emotion: sadness
2025-01-12 03:36:33,142 - INFO - Generated story: I had a heart attack on my mother's house. I was devastated to find out that her mother died in a car accident. I felt so sad for Jesus and for his poor grieving mother. I feel so sorry for her and for her sorrow. My heart hurts when I think of her as a child.
2025-01-12 03:36:33,149 - INFO - Use pytorch device_name: cuda
2025-01-12 03:36:33,149 - INFO - Load pretrained SentenceTransformer: all-MiniLM-L6-v2
2025-01-12 03:36:34,358 - INFO - Sample 1: Generated story: I had a heart attack on my mother's house. I was devastated to find out that her mother died in a car accident. I felt so sad for Jesus and for his poor grieving mother. I feel so sorry for her and for her sorrow. My heart hurts when I think of her as a child., Similarity to input: 0.68
2025-01-12 03:36:34,359 - INFO - Generating story for input prompt: sadness, Post_Impressionism: The woman's skin looks totally grayed out, as though she's aging quickly. with emotion: sadness
2025-01-12 03:36:36,728 - INFO - Generated story: The woman's skin looks totally grayed out, as though she's aging quickly. She had to go to the doctor to see if she was able to get rid of her skin. She went to the dermatologist and told him that she had a problem with her skin, but he didn't know what to do. Then he told her that he had to take care of the skin. He told her he could not get it back, so he asked her to give her a call.
2025-01-12 03:36:36,730 - INFO - Use pytorch device_name: cuda
2025-01-12 03:36:36,730 - INFO - Load pretrained SentenceTransformer: all-MiniLM-L6-v2
2025-01-12 03:36:37,948 - INFO - Sample 2: Generated story: The woman's skin looks totally grayed out, as though she's aging quickly. She had to go to the doctor to see if she was able to get rid of her skin. She went to the dermatologist and told him that she had a problem with her skin, but he didn't know what to do. Then he told her that he had to take care of the skin. He told her he could not get it back, so he asked her to give her a call., Similarity to input: 0.67
2025-01-12 03:36:37,949 - INFO - Generating story for input prompt: sadness, Art_Nouveau_Modern: The lady shown above who is very beautiful seems to be stressed out and lonely. with emotion: sadness
2025-01-12 03:36:40,053 - INFO - Generated story: Art_NouveauModern is a beautiful lady who seems to be stressed out and lonely. The lady shown above, who is very beautiful, appears to be saddened by the loss of her husband. She is also sad that she is not happy with her husband's decision to divorce her husband from his wife. The woman shows up at the house in the middle of the night and looks forward to seeing him again. Art_Nouveau Modern has a lot of things to look forward to in the future.
2025-01-12 03:36:40,056 - INFO - Use pytorch device_name: cuda
2025-01-12 03:36:40,056 - INFO - Load pretrained SentenceTransformer: all-MiniLM-L6-v2
2025-01-12 03:36:41,295 - INFO - Sample 3: Generated story: Art_NouveauModern is a beautiful lady who seems to be stressed out and lonely. The lady shown above, who is very beautiful, appears to be saddened by the loss of her husband. She is also sad that she is not happy with her husband's decision to divorce her husband from his wife. The woman shows up at the house in the middle of the night and looks forward to seeing him again. Art_Nouveau Modern has a lot of things to look forward to in the future., Similarity to input: 0.78
2025-01-12 03:36:41,295 - INFO - Generating story for input prompt: sadness, Post_Impressionism: A woman is seated on the floor with her knees tucked against her chest, a vulnerable position. She basked in blue hues emitted sadness and she has her hands pressed against her face in dismay. with emotion: sadness
2025-01-12 03:36:43,674 - INFO - Generated story: A woman is seated on the floor with her knees tucked against her chest, a vulnerable position. She basked in blue hues emitted sadness and she has her hands pressed against her face in dismay. Post_Impressionism: The woman sits on the couch with her feet tucking against her stomach. She looks at the camera and sees how she feels about it. The camera pans out to reveal that the woman is in a wheelchair.
2025-01-12 03:36:43,677 - INFO - Use pytorch device_name: cuda
2025-01-12 03:36:43,677 - INFO - Load pretrained SentenceTransformer: all-MiniLM-L6-v2
2025-01-12 03:36:44,999 - INFO - Sample 4: Generated story: A woman is seated on the floor with her knees tucked against her chest, a vulnerable position. She basked in blue hues emitted sadness and she has her hands pressed against her face in dismay. Post_Impressionism: The woman sits on the couch with her feet tucking against her stomach. She looks at the camera and sees how she feels about it. The camera pans out to reveal that the woman is in a wheelchair., Similarity to input: 0.80
2025-01-12 03:36:45,000 - INFO - Generating story for input prompt: disgust, Ukiyo_e: Reminds me of babys breath flowers and I do not like how they smell with emotion: disgust
2025-01-12 03:36:46,997 - INFO - Generated story: Ukiyo_e is a baby. She has a very small baby and she doesn't like the smell of flowers. I don't know how they smell, but I think it's a good idea to keep them out of the house. It's not a bad idea to let them get out of their house. Then, when they go to the bathroom, they see a bunch of flowers in the bathroom.
2025-01-12 03:36:46,999 - INFO - Use pytorch device_name: cuda
2025-01-12 03:36:47,000 - INFO - Load pretrained SentenceTransformer: all-MiniLM-L6-v2
2025-01-12 03:36:48,164 - INFO - Sample 5: Generated story: Ukiyo_e is a baby. She has a very small baby and she doesn't like the smell of flowers. I don't know how they smell, but I think it's a good idea to keep them out of the house. It's not a bad idea to let them get out of their house. Then, when they go to the bathroom, they see a bunch of flowers in the bathroom., Similarity to input: 0.71
2025-01-12 03:36:48,164 - INFO - Generating story for input prompt: sadness, Impressionism: The lady in the foreground is desperately trying to pretend that it doesn't bother her that she isn't invited to the conversation in the background. After all it isn't her place as a woman. with emotion: sadness
2025-01-12 03:36:50,536 - INFO - Generated story: The lady in the foreground is desperately trying to pretend that it doesn't bother her that she isn't invited to the conversation in the background. After all, it isn’t her place as a woman. She has no idea what she is talking about. She just wants to be a girl. But she doesn’t want to talk about it.
2025-01-12 03:36:50,539 - INFO - Use pytorch device_name: cuda
2025-01-12 03:36:50,539 - INFO - Load pretrained SentenceTransformer: all-MiniLM-L6-v2
2025-01-12 03:36:51,771 - INFO - Sample 6: Generated story: The lady in the foreground is desperately trying to pretend that it doesn't bother her that she isn't invited to the conversation in the background. After all, it isn’t her place as a woman. She has no idea what she is talking about. She just wants to be a girl. But she doesn’t want to talk about it., Similarity to input: 0.83
2025-01-12 03:36:51,771 - INFO - Generating story for input prompt: sadness, Baroque: This painting brings a numb sensation which brings no joy or excitement. Almost as if life itself is meaningless. with emotion: sadness
2025-01-12 03:36:53,911 - INFO - Generated story: This painting brings a numb sensation which brings no joy or excitement. Almost as if life itself is meaningless, Baroque is a piece of art. It is based on a book by the author of the book. The book is about a young woman in a small village in the middle of a deserted village. She is surrounded by a large group of people.
2025-01-12 03:36:53,913 - INFO - Use pytorch device_name: cuda
2025-01-12 03:36:53,913 - INFO - Load pretrained SentenceTransformer: all-MiniLM-L6-v2
2025-01-12 03:36:55,222 - INFO - Sample 7: Generated story: This painting brings a numb sensation which brings no joy or excitement. Almost as if life itself is meaningless, Baroque is a piece of art. It is based on a book by the author of the book. The book is about a young woman in a small village in the middle of a deserted village. She is surrounded by a large group of people., Similarity to input: 0.78
2025-01-12 03:36:55,223 - INFO - Generating story for input prompt: contentment, Realism: I looks like this couple is very happy and maybe even looking at something amusing. with emotion: contentment
2025-01-12 03:36:57,377 - INFO - Generated story: I'm not sure if it's a good idea to look at something amusing. It's just that the couple is very happy and maybe even looking at some amusing things. They have a lot of fun together, but they don't have much time to spend together. I think they've got a great time with each other, so we'll see what happens next. If you're looking for a romantic relationship, you might want to check out Realism.
2025-01-12 03:36:57,379 - INFO - Use pytorch device_name: cuda
2025-01-12 03:36:57,379 - INFO - Load pretrained SentenceTransformer: all-MiniLM-L6-v2
2025-01-12 03:36:58,837 - INFO - Sample 8: Generated story: I'm not sure if it's a good idea to look at something amusing. It's just that the couple is very happy and maybe even looking at some amusing things. They have a lot of fun together, but they don't have much time to spend together. I think they've got a great time with each other, so we'll see what happens next. If you're looking for a romantic relationship, you might want to check out Realism., Similarity to input: 0.72
2025-01-12 03:36:58,837 - INFO - Generating story for input prompt: fear, Rococo: There is lots of darkness around the mother and her child, and it is enveloping them with emotion: fear
2025-01-12 03:37:01,141 - INFO - Generated story: Rococo's mother and her child are in a dark place, and it is enveloping them. The darkness surrounds the mother and daughter, and the darkness is engulfed by the darkness. It is hard to believe that there is a lot of darkness around the mother's child, and she is afraid of it. She is scared of it, but she is fearful of it when she sees it. Her mother is terrified of it because she thinks it's too dark for her to see it.
2025-01-12 03:37:01,143 - INFO - Use pytorch device_name: cuda
2025-01-12 03:37:01,143 - INFO - Load pretrained SentenceTransformer: all-MiniLM-L6-v2
2025-01-12 03:37:02,418 - INFO - Sample 9: Generated story: Rococo's mother and her child are in a dark place, and it is enveloping them. The darkness surrounds the mother and daughter, and the darkness is engulfed by the darkness. It is hard to believe that there is a lot of darkness around the mother's child, and she is afraid of it. She is scared of it, but she is fearful of it when she sees it. Her mother is terrified of it because she thinks it's too dark for her to see it., Similarity to input: 0.83
2025-01-12 03:37:02,418 - INFO - Generating story for input prompt: contentment, Impressionism: the painting has bright colors and the flowers and vase look very pretty. with emotion: contentment
2025-01-12 03:37:04,456 - INFO - Generated story: The painting has bright colors and the flowers and vase look very pretty. It's a great example of Impressionism, but it isn't as good as it used to be. I think it's one of the best paintings in the history of the art world. It was inspired by the work of Picasso. It is a beautiful painting with a lot of details.
2025-01-12 03:37:04,460 - INFO - Use pytorch device_name: cuda
2025-01-12 03:37:04,460 - INFO - Load pretrained SentenceTransformer: all-MiniLM-L6-v2
2025-01-12 03:37:05,805 - INFO - Sample 10: Generated story: The painting has bright colors and the flowers and vase look very pretty. It's a great example of Impressionism, but it isn't as good as it used to be. I think it's one of the best paintings in the history of the art world. It was inspired by the work of Picasso. It is a beautiful painting with a lot of details., Similarity to input: 0.86
2025-01-12 03:37:07,643 - INFO - Evaluation scores: {'precision': [0.8829639554023743, 0.8516933917999268, 0.8550390005111694, 0.9113691449165344, 0.8437138199806213, 0.9355474710464478, 0.8834742307662964, 0.8459806442260742, 0.8717160224914551, 0.8800793886184692], 'recall': [0.9493446350097656, 0.970535933971405, 0.9458428621292114, 0.9818586111068726, 0.8551317453384399, 0.9854388236999512, 0.9724794626235962, 0.9149295091629028, 0.9247924089431763, 0.9737077951431274], 'f1': [0.9149519205093384, 0.9072393178939819, 0.8981516361236572, 0.9453015923500061, 0.8493843674659729, 0.959845244884491, 0.9258426427841187, 0.879105269908905, 0.8974701166152954, 0.9245291352272034], 'hashcode': 'roberta-large_L17_no-idf_version=0.3.12(hug_trans=4.48.0)'}
2025-01-12 03:37:07,889 - INFO - Trial completed with metrics: {'bertscore_f1': 0.910182124376297, 'dissimilarity': 0.23439905047416687}
2025-01-12 03:37:07,891 - INFO - Trial started with hyperparameters: {'learning_rate': 0.000498753572542824, 'batch_size': 48, 'num_train_epochs': 6}
2025-01-12 03:37:07,898 - INFO - Initializing model: google/flan-t5-small
2025-01-12 03:37:08,690 - INFO - Applying LoRA configuration...
2025-01-12 03:37:08,780 - INFO - Preprocessing dataset...
2025-01-12 03:37:17,763 - INFO - Preprocessing dataset...
2025-01-12 03:37:21,024 - WARNING - Detected kernel version 4.18.0, which is below the recommended minimum of 5.5.0; this can cause the process to hang. It is recommended to upgrade the kernel to the minimum version or higher.
2025-01-12 03:37:21,099 - INFO - Starting training...
2025-01-12 03:38:35,878 - WARNING - NaN or Inf found in input tensor.
2025-01-12 03:38:50,871 - WARNING - NaN or Inf found in input tensor.
2025-01-12 03:39:51,775 - WARNING - NaN or Inf found in input tensor.
2025-01-12 03:40:21,352 - WARNING - NaN or Inf found in input tensor.
2025-01-12 03:41:07,065 - WARNING - NaN or Inf found in input tensor.
2025-01-12 03:41:51,210 - WARNING - NaN or Inf found in input tensor.
2025-01-12 03:42:23,099 - WARNING - NaN or Inf found in input tensor.
2025-01-12 03:43:38,998 - WARNING - NaN or Inf found in input tensor.
2025-01-12 03:43:44,182 - WARNING - NaN or Inf found in input tensor.
2025-01-12 03:44:55,138 - WARNING - NaN or Inf found in input tensor.
2025-01-12 03:44:58,028 - INFO - Training completed.
2025-01-12 03:44:58,028 - INFO - Evaluating model... Limiting to 10 samples for logging.
2025-01-12 03:44:58,032 - INFO - Generating story for input prompt: sadness, Romanticism: I feel so sad for Jesus and for his poor grieving mother. with emotion: sadness
2025-01-12 03:45:00,164 - INFO - Generated story: I had a heart attack on my mother's house. I was devastated to find out that her mother died in a car accident. I felt so sad for Jesus and for his poor grieving mother. I feel so sorry for her and for her sorrow. My heart hurts when I think of her as a child.
2025-01-12 03:45:00,171 - INFO - Use pytorch device_name: cuda
2025-01-12 03:45:00,171 - INFO - Load pretrained SentenceTransformer: all-MiniLM-L6-v2
2025-01-12 03:45:01,354 - INFO - Sample 1: Generated story: I had a heart attack on my mother's house. I was devastated to find out that her mother died in a car accident. I felt so sad for Jesus and for his poor grieving mother. I feel so sorry for her and for her sorrow. My heart hurts when I think of her as a child., Similarity to input: 0.68
2025-01-12 03:45:01,354 - INFO - Generating story for input prompt: sadness, Post_Impressionism: The woman's skin looks totally grayed out, as though she's aging quickly. with emotion: sadness
2025-01-12 03:45:03,759 - INFO - Generated story: The woman's skin looks totally grayed out, as though she's aging quickly. She had to go to the doctor to see if she was able to get rid of her skin. She went to the dermatologist and told him that she had a problem with her skin, but he didn't know what to do. Then he told her that he had to take care of the skin. He told her he could not get it back, so he asked her to give her a call.
2025-01-12 03:45:03,762 - INFO - Use pytorch device_name: cuda
2025-01-12 03:45:03,762 - INFO - Load pretrained SentenceTransformer: all-MiniLM-L6-v2
2025-01-12 03:45:04,933 - INFO - Sample 2: Generated story: The woman's skin looks totally grayed out, as though she's aging quickly. She had to go to the doctor to see if she was able to get rid of her skin. She went to the dermatologist and told him that she had a problem with her skin, but he didn't know what to do. Then he told her that he had to take care of the skin. He told her he could not get it back, so he asked her to give her a call., Similarity to input: 0.67
2025-01-12 03:45:04,933 - INFO - Generating story for input prompt: sadness, Art_Nouveau_Modern: The lady shown above who is very beautiful seems to be stressed out and lonely. with emotion: sadness
2025-01-12 03:45:07,034 - INFO - Generated story: Art_NouveauModern is a beautiful lady who seems to be stressed out and lonely. The lady shown above, who is very beautiful, appears to be saddened by the loss of her husband. She is also sad that she is not happy with her husband's decision to divorce her husband from his wife. The woman shows up at the house in the middle of the night and looks forward to seeing him again. Art_Nouveau Modern has a lot of things to look forward to in the future.
2025-01-12 03:45:07,036 - INFO - Use pytorch device_name: cuda
2025-01-12 03:45:07,036 - INFO - Load pretrained SentenceTransformer: all-MiniLM-L6-v2
2025-01-12 03:45:08,249 - INFO - Sample 3: Generated story: Art_NouveauModern is a beautiful lady who seems to be stressed out and lonely. The lady shown above, who is very beautiful, appears to be saddened by the loss of her husband. She is also sad that she is not happy with her husband's decision to divorce her husband from his wife. The woman shows up at the house in the middle of the night and looks forward to seeing him again. Art_Nouveau Modern has a lot of things to look forward to in the future., Similarity to input: 0.78
2025-01-12 03:45:08,249 - INFO - Generating story for input prompt: sadness, Post_Impressionism: A woman is seated on the floor with her knees tucked against her chest, a vulnerable position. She basked in blue hues emitted sadness and she has her hands pressed against her face in dismay. with emotion: sadness
2025-01-12 03:45:10,645 - INFO - Generated story: A woman is seated on the floor with her knees tucked against her chest, a vulnerable position. She basked in blue hues emitted sadness and she has her hands pressed against her face in dismay. Post_Impressionism: The woman sits on the couch with her feet tucking against her stomach. She looks at the camera and sees how she feels about it. The camera pans out to reveal that the woman is in a wheelchair.
2025-01-12 03:45:10,647 - INFO - Use pytorch device_name: cuda
2025-01-12 03:45:10,647 - INFO - Load pretrained SentenceTransformer: all-MiniLM-L6-v2
2025-01-12 03:45:11,853 - INFO - Sample 4: Generated story: A woman is seated on the floor with her knees tucked against her chest, a vulnerable position. She basked in blue hues emitted sadness and she has her hands pressed against her face in dismay. Post_Impressionism: The woman sits on the couch with her feet tucking against her stomach. She looks at the camera and sees how she feels about it. The camera pans out to reveal that the woman is in a wheelchair., Similarity to input: 0.80
2025-01-12 03:45:11,854 - INFO - Generating story for input prompt: disgust, Ukiyo_e: Reminds me of babys breath flowers and I do not like how they smell with emotion: disgust
2025-01-12 03:45:13,856 - INFO - Generated story: Ukiyo_e is a baby. She has a very small baby and she doesn't like the smell of flowers. I don't know how they smell, but I think it's a good idea to keep them out of the house. It's not a bad idea to let them get out of their house. Then, when they go to the bathroom, they see a bunch of flowers in the bathroom.
2025-01-12 03:45:13,859 - INFO - Use pytorch device_name: cuda
2025-01-12 03:45:13,859 - INFO - Load pretrained SentenceTransformer: all-MiniLM-L6-v2
2025-01-12 03:45:15,033 - INFO - Sample 5: Generated story: Ukiyo_e is a baby. She has a very small baby and she doesn't like the smell of flowers. I don't know how they smell, but I think it's a good idea to keep them out of the house. It's not a bad idea to let them get out of their house. Then, when they go to the bathroom, they see a bunch of flowers in the bathroom., Similarity to input: 0.71
2025-01-12 03:45:15,033 - INFO - Generating story for input prompt: sadness, Impressionism: The lady in the foreground is desperately trying to pretend that it doesn't bother her that she isn't invited to the conversation in the background. After all it isn't her place as a woman. with emotion: sadness
2025-01-12 03:45:17,413 - INFO - Generated story: The lady in the foreground is desperately trying to pretend that it doesn't bother her that she isn't invited to the conversation in the background. After all, it isn’t her place as a woman. She has no idea what she is talking about. She just wants to be a girl. But she doesn’t want to talk about it.
2025-01-12 03:45:17,415 - INFO - Use pytorch device_name: cuda
2025-01-12 03:45:17,415 - INFO - Load pretrained SentenceTransformer: all-MiniLM-L6-v2
2025-01-12 03:45:18,610 - INFO - Sample 6: Generated story: The lady in the foreground is desperately trying to pretend that it doesn't bother her that she isn't invited to the conversation in the background. After all, it isn’t her place as a woman. She has no idea what she is talking about. She just wants to be a girl. But she doesn’t want to talk about it., Similarity to input: 0.83
2025-01-12 03:45:18,611 - INFO - Generating story for input prompt: sadness, Baroque: This painting brings a numb sensation which brings no joy or excitement. Almost as if life itself is meaningless. with emotion: sadness
2025-01-12 03:45:20,770 - INFO - Generated story: This painting brings a numb sensation which brings no joy or excitement. Almost as if life itself is meaningless, Baroque is a piece of art. It is based on a book by the author of the book. The book is about a young woman in a small village in the middle of a deserted village. She is surrounded by a large group of people.
2025-01-12 03:45:20,772 - INFO - Use pytorch device_name: cuda
2025-01-12 03:45:20,772 - INFO - Load pretrained SentenceTransformer: all-MiniLM-L6-v2
2025-01-12 03:45:22,434 - INFO - Sample 7: Generated story: This painting brings a numb sensation which brings no joy or excitement. Almost as if life itself is meaningless, Baroque is a piece of art. It is based on a book by the author of the book. The book is about a young woman in a small village in the middle of a deserted village. She is surrounded by a large group of people., Similarity to input: 0.78
2025-01-12 03:45:22,434 - INFO - Generating story for input prompt: contentment, Realism: I looks like this couple is very happy and maybe even looking at something amusing. with emotion: contentment
2025-01-12 03:45:24,584 - INFO - Generated story: I'm not sure if it's a good idea to look at something amusing. It's just that the couple is very happy and maybe even looking at some amusing things. They have a lot of fun together, but they don't have much time to spend together. I think they've got a great time with each other, so we'll see what happens next. If you're looking for a romantic relationship, you might want to check out Realism.
2025-01-12 03:45:24,586 - INFO - Use pytorch device_name: cuda
2025-01-12 03:45:24,586 - INFO - Load pretrained SentenceTransformer: all-MiniLM-L6-v2
2025-01-12 03:45:25,759 - INFO - Sample 8: Generated story: I'm not sure if it's a good idea to look at something amusing. It's just that the couple is very happy and maybe even looking at some amusing things. They have a lot of fun together, but they don't have much time to spend together. I think they've got a great time with each other, so we'll see what happens next. If you're looking for a romantic relationship, you might want to check out Realism., Similarity to input: 0.72
2025-01-12 03:45:25,759 - INFO - Generating story for input prompt: fear, Rococo: There is lots of darkness around the mother and her child, and it is enveloping them with emotion: fear
2025-01-12 03:45:28,041 - INFO - Generated story: Rococo's mother and her child are in a dark place, and it is enveloping them. The darkness surrounds the mother and daughter, and the darkness is engulfed by the darkness. It is hard to believe that there is a lot of darkness around the mother's child, and she is afraid of it. She is scared of it, but she is fearful of it when she sees it. Her mother is terrified of it because she thinks it's too dark for her to see it.
2025-01-12 03:45:28,043 - INFO - Use pytorch device_name: cuda
2025-01-12 03:45:28,043 - INFO - Load pretrained SentenceTransformer: all-MiniLM-L6-v2
2025-01-12 03:45:29,309 - INFO - Sample 9: Generated story: Rococo's mother and her child are in a dark place, and it is enveloping them. The darkness surrounds the mother and daughter, and the darkness is engulfed by the darkness. It is hard to believe that there is a lot of darkness around the mother's child, and she is afraid of it. She is scared of it, but she is fearful of it when she sees it. Her mother is terrified of it because she thinks it's too dark for her to see it., Similarity to input: 0.83
2025-01-12 03:45:29,309 - INFO - Generating story for input prompt: contentment, Impressionism: the painting has bright colors and the flowers and vase look very pretty. with emotion: contentment
2025-01-12 03:45:31,359 - INFO - Generated story: The painting has bright colors and the flowers and vase look very pretty. It's a great example of Impressionism, but it isn't as good as it used to be. I think it's one of the best paintings in the history of the art world. It was inspired by the work of Picasso. It is a beautiful painting with a lot of details.
2025-01-12 03:45:31,361 - INFO - Use pytorch device_name: cuda
2025-01-12 03:45:31,361 - INFO - Load pretrained SentenceTransformer: all-MiniLM-L6-v2
2025-01-12 03:45:32,516 - INFO - Sample 10: Generated story: The painting has bright colors and the flowers and vase look very pretty. It's a great example of Impressionism, but it isn't as good as it used to be. I think it's one of the best paintings in the history of the art world. It was inspired by the work of Picasso. It is a beautiful painting with a lot of details., Similarity to input: 0.86
2025-01-12 03:45:34,373 - INFO - Evaluation scores: {'precision': [0.8829639554023743, 0.8516933917999268, 0.8550390005111694, 0.9113691449165344, 0.8437138199806213, 0.9355474710464478, 0.8834742307662964, 0.8459806442260742, 0.8717160224914551, 0.8800793886184692], 'recall': [0.9493446350097656, 0.970535933971405, 0.9458428621292114, 0.9818586111068726, 0.8551317453384399, 0.9854388236999512, 0.9724794626235962, 0.9149295091629028, 0.9247924089431763, 0.9737077951431274], 'f1': [0.9149519205093384, 0.9072393178939819, 0.8981516361236572, 0.9453015923500061, 0.8493843674659729, 0.959845244884491, 0.9258426427841187, 0.879105269908905, 0.8974701166152954, 0.9245291352272034], 'hashcode': 'roberta-large_L17_no-idf_version=0.3.12(hug_trans=4.48.0)'}
2025-01-12 03:45:34,610 - INFO - Trial completed with metrics: {'bertscore_f1': 0.910182124376297, 'dissimilarity': 0.23439905047416687}
2025-01-12 03:45:34,611 - INFO - Training final model with best hyperparameters...
2025-01-12 03:45:34,611 - INFO - Best Hyperparameters: {'learning_rate': 7.883450994469403e-05, 'batch_size': 16, 'num_train_epochs': 5}
2025-01-12 03:45:34,618 - INFO - Initializing model: google/flan-t5-small
2025-01-12 03:45:35,245 - INFO - Applying LoRA configuration...
2025-01-12 03:45:35,335 - INFO - Preprocessing dataset...
2025-01-12 03:45:44,245 - INFO - Preprocessing dataset...
2025-01-12 03:45:47,597 - WARNING - Detected kernel version 4.18.0, which is below the recommended minimum of 5.5.0; this can cause the process to hang. It is recommended to upgrade the kernel to the minimum version or higher.
2025-01-12 03:45:47,671 - INFO - Starting training...
2025-01-12 03:46:53,178 - WARNING - NaN or Inf found in input tensor.
2025-01-12 03:47:57,227 - WARNING - NaN or Inf found in input tensor.
2025-01-12 03:48:40,988 - WARNING - NaN or Inf found in input tensor.
2025-01-12 03:49:23,970 - WARNING - NaN or Inf found in input tensor.
2025-01-12 03:50:29,812 - WARNING - NaN or Inf found in input tensor.
2025-01-12 03:51:37,692 - WARNING - NaN or Inf found in input tensor.
2025-01-12 03:51:57,278 - WARNING - NaN or Inf found in input tensor.
2025-01-12 03:53:02,932 - WARNING - NaN or Inf found in input tensor.
2025-01-12 03:54:08,567 - WARNING - NaN or Inf found in input tensor.
2025-01-12 03:54:33,942 - WARNING - NaN or Inf found in input tensor.
2025-01-12 03:55:35,670 - WARNING - NaN or Inf found in input tensor.
2025-01-12 03:56:41,194 - WARNING - NaN or Inf found in input tensor.
2025-01-12 03:57:29,601 - WARNING - NaN or Inf found in input tensor.
2025-01-12 03:58:07,210 - WARNING - NaN or Inf found in input tensor.
2025-01-12 03:59:10,705 - WARNING - NaN or Inf found in input tensor.
2025-01-12 04:00:20,778 - WARNING - NaN or Inf found in input tensor.
2025-01-12 04:00:21,130 - INFO - Training completed.
2025-01-12 04:00:21,131 - INFO - Generating and evaluating stories...
2025-01-12 04:00:21,134 - INFO - Generating story for input prompt: sadness, Romanticism: I feel so sad for Jesus and for his poor grieving mother. with emotion: sadness
2025-01-12 04:00:23,171 - INFO - Generated story: I had a heart attack on my mother's house. I was devastated to find out that her mother died in a car accident. I felt so sad for Jesus and for his poor grieving mother. I feel so sorry for her and for her sorrow. My heart hurts when I think of her as a child.
2025-01-12 04:00:23,171 - INFO - Sample 1: Input: sadness, Romanticism: I feel so sad for Jesus and for his poor grieving mother., Reference: I feel so sad for Jesus and for his poor grieving mother., Generated: I had a heart attack on my mother's house. I was devastated to find out that her mother died in a car accident. I felt so sad for Jesus and for his poor grieving mother. I feel so sorry for her and for her sorrow. My heart hurts when I think of her as a child.
2025-01-12 04:00:23,172 - INFO - Generating story for input prompt: sadness, Post_Impressionism: The woman's skin looks totally grayed out, as though she's aging quickly. with emotion: sadness
2025-01-12 04:00:25,456 - INFO - Generated story: The woman's skin looks totally grayed out, as though she's aging quickly. She had to go to the doctor to see if she was able to get rid of her skin. She went to the dermatologist and told him that she had a problem with her skin, but he didn't know what to do. Then he told her that he had to take care of the skin. He told her he could not get it back, so he asked her to give her a call.
2025-01-12 04:00:25,457 - INFO - Sample 2: Input: sadness, Post_Impressionism: The woman's skin looks totally grayed out, as though she's aging quickly., Reference: The woman's skin looks totally grayed out, as though she's aging quickly., Generated: The woman's skin looks totally grayed out, as though she's aging quickly. She had to go to the doctor to see if she was able to get rid of her skin. She went to the dermatologist and told him that she had a problem with her skin, but he didn't know what to do. Then he told her that he had to take care of the skin. He told her he could not get it back, so he asked her to give her a call.
2025-01-12 04:00:25,457 - INFO - Generating story for input prompt: sadness, Art_Nouveau_Modern: The lady shown above who is very beautiful seems to be stressed out and lonely. with emotion: sadness
2025-01-12 04:00:27,475 - INFO - Generated story: Art_NouveauModern is a beautiful lady who seems to be stressed out and lonely. The lady shown above, who is very beautiful, appears to be saddened by the loss of her husband. She is also sad that she is not happy with her husband's decision to divorce her husband from his wife. The woman shows up at the house in the middle of the night and looks forward to seeing him again. Art_Nouveau Modern has a lot of things to look forward to in the future.
2025-01-12 04:00:27,475 - INFO - Sample 3: Input: sadness, Art_Nouveau_Modern: The lady shown above who is very beautiful seems to be stressed out and lonely., Reference: The lady shown above who is very beautiful seems to be stressed out and lonely., Generated: Art_NouveauModern is a beautiful lady who seems to be stressed out and lonely. The lady shown above, who is very beautiful, appears to be saddened by the loss of her husband. She is also sad that she is not happy with her husband's decision to divorce her husband from his wife. The woman shows up at the house in the middle of the night and looks forward to seeing him again. Art_Nouveau Modern has a lot of things to look forward to in the future.
